Started by user [8mha:////4I1OHOMjB5Y3ZNOxe65LY3I22zlOuHpAgXZoAMI6crh4AAAAnx+LCAAAAAAAAP9b85aBtbiIQTGjNKU4P08vOT+vOD8nVc83PyU1x6OyILUoJzMv2y+/JJUBAhiZGBgqihhk0NSjKDWzXb3RdlLBUSYGJk8GtpzUvPSSDB8G5tKinBIGIZ+sxLJE/ZzEvHT94JKizLx0a6BxUmjGOUNodHsLgAy+EgYR/dLi1CL9ovykzLyU1KL4YqApGQBS0l9kyQAAAA==[0mrobinder singh
[Wed Mar 06 15:31:00 UTC 2019] Starting branch indexing...
 > git --version # timeout=10
 > git ls-remote https://github.com/suryadevta/test_code # timeout=10
 > git rev-parse --is-inside-work-tree # timeout=10
Setting origin to https://github.com/suryadevta/test_code
 > git config remote.origin.url https://github.com/suryadevta/test_code # timeout=10
Fetching & pruning origin...
Fetching upstream changes from origin
 > git --version # timeout=10
 > git config --get remote.origin.url # timeout=10
 > git fetch --tags --progress origin +refs/heads/*:refs/remotes/origin/* --prune
Listing remote references...
 > git config --get remote.origin.url # timeout=10
 > git ls-remote -h https://github.com/suryadevta/test_code # timeout=10
Checking branches...
  Checking branch testing
      ‘jenkins’ found
    Met criteria
Changes detected: testing (05230b00cd33876b6b049b1bfceb33702138a3a0 → 30398ed016820170a8473d22a854d1bc9ad177ab)
Scheduled build for branch: testing
  Checking branch master
      ‘jenkins’ found
    Met criteria
Changes detected: master (41acbc174fa5fcf420f1eb86e093a67035dd5283 → 77d3def7d77d259f267dc0f55df515d62ec6c1b5)
Scheduled build for branch: master
  Checking branch TEST
      ‘jenkins’ found
    Met criteria
Changes detected: TEST (05230b00cd33876b6b049b1bfceb33702138a3a0 → f8b1edee2b86e9287bfb9e6c6a512d1b1aa8407e)
Scheduled build for branch: TEST
Processed 3 branches
[Wed Mar 06 15:31:07 UTC 2019] Finished branch indexing. Indexing took 6.3 sec
Finished: SUCCESS
